
arch/arm/mach-sunxi/power/brom/resumes.elf:     file format elf32-littlearm


Disassembly of section .text:

00000000 <resume_head>:
   0:	ea00000a 	b	30 <_start>
   4:	4e4f4765 	cdpmi	7, 4, cr4, cr15, cr5, {3}
   8:	3054422e 	subscc	r4, r4, lr, lsr #4
   c:	5f0a6c39 	svcpl	0x000a6c39
  10:	00000400 	andeq	r0, r0, r0, lsl #8
  14:	00000030 	andeq	r0, r0, r0, lsr r0
  18:	30303131 	eorscc	r3, r0, r1, lsr r1
  1c:	30333231 	eorscc	r3, r3, r1, lsr r2
  20:	30333231 	eorscc	r3, r3, r1, lsr r2
  24:	30303131 	eorscc	r3, r0, r1, lsr r1
	...

00000030 <_start>:
  30:	e59f00d0 	ldr	r0, [pc, #208]	; 108 <cpu_brom_addr+0x8>
  34:	e5901000 	ldr	r1, [r0]
  38:	e3811902 	orr	r1, r1, #32768	; 0x8000
  3c:	e5801000 	str	r1, [r0]
  40:	e5901000 	ldr	r1, [r0]
  44:	e1a02821 	lsr	r2, r1, #16
  48:	e3a03d5a 	mov	r3, #5760	; 0x1680
  4c:	e1520003 	cmp	r2, r3
  50:	0a000004 	beq	68 <config_80>

00000054 <config_50>:
  54:	e59f00b0 	ldr	r0, [pc, #176]	; 10c <cpu_brom_addr+0xc>
  58:	e5901000 	ldr	r1, [r0]
  5c:	e3811b06 	orr	r1, r1, #6144	; 0x1800
  60:	e5801000 	str	r1, [r0]
  64:	ea000003 	b	78 <config_end>

00000068 <config_80>:
  68:	e59f009c 	ldr	r0, [pc, #156]	; 10c <cpu_brom_addr+0xc>
  6c:	e5901000 	ldr	r1, [r0]
  70:	e38110c0 	orr	r1, r1, #192	; 0xc0
  74:	e5801000 	str	r1, [r0]

00000078 <config_end>:
  78:	e3a00b01 	mov	r0, #1024	; 0x400
  7c:	e10f0000 	mrs	r0, CPSR
  80:	e3c0001f 	bic	r0, r0, #31
  84:	e3800013 	orr	r0, r0, #19
  88:	e38000c0 	orr	r0, r0, #192	; 0xc0
  8c:	e3c00c02 	bic	r0, r0, #512	; 0x200
  90:	e121f000 	msr	CPSR_c, r0
  94:	ee110f10 	mrc	15, 0, r0, cr1, cr0, {0}
  98:	e3c00005 	bic	r0, r0, #5
  9c:	e3c00b06 	bic	r0, r0, #6144	; 0x1800
  a0:	e3c00002 	bic	r0, r0, #2
  a4:	ee010f10 	mcr	15, 0, r0, cr1, cr0, {0}
  a8:	f57ff04f 	dsb	sy
  ac:	f57ff06f 	isb	sy
  b0:	f57ff04f 	dsb	sy
  b4:	f57ff06f 	isb	sy
  b8:	e3a02000 	mov	r2, #0
  bc:	e3a03000 	mov	r3, #0
  c0:	e3a04000 	mov	r4, #0
  c4:	e3a05000 	mov	r5, #0
  c8:	e3a06000 	mov	r6, #0
  cc:	e3a07000 	mov	r7, #0
  d0:	e3a08000 	mov	r8, #0
  d4:	e3a09000 	mov	r9, #0
  d8:	e3a0a000 	mov	sl, #0
  dc:	e3a0b000 	mov	fp, #0
  e0:	e3a0c000 	mov	ip, #0
  e4:	f57ff01f 	clrex
  e8:	e3a01b01 	mov	r1, #1024	; 0x400
  ec:	e5910000 	ldr	r0, [r1]
  f0:	f57ff05f 	dmb	sy
  f4:	e1b0f000 	movs	pc, r0
  f8:	eafffffe 	b	f8 <config_end+0x80>
  fc:	00000004 	andeq	r0, r0, r4

00000100 <cpu_brom_addr>:
	...
 108:	01c00024 	biceq	r0, r0, r4, lsr #32
 10c:	01c00044 	biceq	r0, r0, r4, asr #32

Disassembly of section .debug_info:

00000000 <.debug_info>:
   0:	00000144 	andeq	r0, r0, r4, asr #2
   4:	00000002 	andeq	r0, r0, r2
   8:	01040000 	mrseq	r0, (UNDEF: 4)
   c:	00000019 	andeq	r0, r0, r9, lsl r0
  10:	00006401 	andeq	r6, r0, r1, lsl #8
  14:	0000a900 	andeq	sl, r0, r0, lsl #18
  18:	00011000 	andeq	r1, r1, r0
  1c:	00011000 	andeq	r1, r1, r0
  20:	00000000 	andeq	r0, r0, r0
  24:	06010200 	streq	r0, [r1], -r0, lsl #4
  28:	0000003d 	andeq	r0, r0, sp, lsr r0
  2c:	00012303 	andeq	r2, r1, r3, lsl #6
  30:	37180100 	ldrcc	r0, [r8, -r0, lsl #2]
  34:	02000000 	andeq	r0, r0, #0
  38:	003b0801 	eorseq	r0, fp, r1, lsl #16
  3c:	02020000 	andeq	r0, r2, #0
  40:	00012805 	andeq	r2, r1, r5, lsl #16
  44:	07020200 	streq	r0, [r2, -r0, lsl #4]
  48:	00000006 	andeq	r0, r0, r6
  4c:	69050404 	stmdbvs	r5, {r2, sl}
  50:	0300746e 	movweq	r7, #1134	; 0x46e
  54:	00000000 	andeq	r0, r0, r0
  58:	005e1c01 	subseq	r1, lr, r1, lsl #24
  5c:	04020000 	streq	r0, [r2], #-0
  60:	00005707 	andeq	r5, r0, r7, lsl #14
  64:	01110500 	tsteq	r1, r0, lsl #10
  68:	01300000 	teqeq	r0, r0
  6c:	0000fe2e 	andeq	pc, r0, lr, lsr #28
  70:	00e70600 	rsceq	r0, r7, r0, lsl #12
  74:	30010000 	andcc	r0, r1, r0
  78:	00000053 	andeq	r0, r0, r3, asr r0
  7c:	06002302 	streq	r2, [r0], -r2, lsl #6
  80:	00000152 	andeq	r0, r0, r2, asr r1
  84:	00fe3101 	rscseq	r3, lr, r1, lsl #2
  88:	23020000 	movwcs	r0, #8192	; 0x2000
  8c:	00910604 	addseq	r0, r1, r4, lsl #12
  90:	32010000 	andcc	r0, r1, #0
  94:	00000053 	andeq	r0, r0, r3, asr r0
  98:	060c2302 	streq	r2, [ip], -r2, lsl #6
  9c:	00000158 	andeq	r0, r0, r8, asr r1
  a0:	00533301 	subseq	r3, r3, r1, lsl #6
  a4:	23020000 	movwcs	r0, #8192	; 0x2000
  a8:	009b0610 	addseq	r0, fp, r0, lsl r6
  ac:	34010000 	strcc	r0, [r1], #-0
  b0:	00000053 	andeq	r0, r0, r3, asr r0
  b4:	06142302 	ldreq	r2, [r4], -r2, lsl #6
  b8:	00000145 	andeq	r0, r0, r5, asr #2
  bc:	010e3501 	tsteq	lr, r1, lsl #10
  c0:	23020000 	movwcs	r0, #8192	; 0x2000
  c4:	01030618 	tsteq	r3, r8, lsl r6
  c8:	36010000 	strcc	r0, [r1], -r0
  cc:	0000010e 	andeq	r0, r0, lr, lsl #2
  d0:	061c2302 	ldreq	r2, [ip], -r2, lsl #6
  d4:	000000f8 	strdeq	r0, [r0], -r8
  d8:	010e3701 	tsteq	lr, r1, lsl #14
  dc:	23020000 	movwcs	r0, #8192	; 0x2000
  e0:	00490620 	subeq	r0, r9, r0, lsr #12
  e4:	38010000 	stmdacc	r1, {}	; <UNPREDICTABLE>
  e8:	0000010e 	andeq	r0, r0, lr, lsl #2
  ec:	06242302 	strteq	r2, [r4], -r2, lsl #6
  f0:	0000015f 	andeq	r0, r0, pc, asr r1
  f4:	00fe3901 	rscseq	r3, lr, r1, lsl #18
  f8:	23020000 	movwcs	r0, #8192	; 0x2000
  fc:	2c070028 	stccs	0, cr0, [r7], {40}	; 0x28
 100:	0e000000 	cdpeq	0, 0, cr0, cr0, cr0, {0}
 104:	08000001 	stmdaeq	r0, {r0}
 108:	0000005e 	andeq	r0, r0, lr, asr r0
 10c:	2c070007 	stccs	0, cr0, [r7], {7}
 110:	1e000000 	cdpne	0, 0, cr0, cr0, cr0, {0}
 114:	08000001 	stmdaeq	r0, {r0}
 118:	0000005e 	andeq	r0, r0, lr, asr r0
 11c:	32030003 	andcc	r0, r3, #3
 120:	01000001 	tsteq	r0, r1
 124:	0000653a 	andeq	r6, r0, sl, lsr r5
 128:	07040200 	streq	r0, [r4, -r0, lsl #4]
 12c:	00000052 	andeq	r0, r0, r2, asr r0
 130:	0000db09 	andeq	sp, r0, r9, lsl #22
 134:	42250200 	eormi	r0, r5, #0
 138:	01000001 	tsteq	r0, r1
 13c:	00000305 	andeq	r0, r0, r5, lsl #6
 140:	1e0a0000 	cdpne	0, 0, cr0, cr10, cr0, {0}
 144:	00000001 	andeq	r0, r0, r1

Disassembly of section .debug_abbrev:

00000000 <.debug_abbrev>:
   0:	25011101 	strcs	r1, [r1, #-257]	; 0x101
   4:	030b130e 	movweq	r1, #45838	; 0xb30e
   8:	110e1b0e 	tstne	lr, lr, lsl #22
   c:	10011201 	andne	r1, r1, r1, lsl #4
  10:	02000006 	andeq	r0, r0, #6
  14:	0b0b0024 	bleq	2c00ac <__bss_end+0x2bff9c>
  18:	0e030b3e 	vmoveq.16	d3[0], r0
  1c:	16030000 	strne	r0, [r3], -r0
  20:	3a0e0300 	bcc	380c28 <__bss_end+0x380b18>
  24:	490b3b0b 	stmdbmi	fp, {r0, r1, r3, r8, r9, fp, ip, sp}
  28:	04000013 	streq	r0, [r0], #-19
  2c:	0b0b0024 	bleq	2c00c4 <__bss_end+0x2bffb4>
  30:	08030b3e 	stmdaeq	r3, {r1, r2, r3, r4, r5, r8, r9, fp}
  34:	13050000 	movwne	r0, #20480	; 0x5000
  38:	0b0e0301 	bleq	380c44 <__bss_end+0x380b34>
  3c:	3b0b3a0b 	blcc	2ce870 <__bss_end+0x2ce760>
  40:	0013010b 	andseq	r0, r3, fp, lsl #2
  44:	000d0600 	andeq	r0, sp, r0, lsl #12
  48:	0b3a0e03 	bleq	e8385c <__bss_end+0xe8374c>
  4c:	13490b3b 	movtne	r0, #39739	; 0x9b3b
  50:	00000a38 	andeq	r0, r0, r8, lsr sl
  54:	49010107 	stmdbmi	r1, {r0, r1, r2, r8}
  58:	00130113 	andseq	r0, r3, r3, lsl r1
  5c:	00210800 	eoreq	r0, r1, r0, lsl #16
  60:	0b2f1349 	bleq	bc4d8c <__bss_end+0xbc4c7c>
  64:	34090000 	strcc	r0, [r9], #-0
  68:	3a0e0300 	bcc	380c70 <__bss_end+0x380b60>
  6c:	490b3b0b 	stmdbmi	fp, {r0, r1, r3, r8, r9, fp, ip, sp}
  70:	020c3f13 	andeq	r3, ip, #76	; 0x4c
  74:	0a00000a 	beq	a4 <config_end+0x2c>
  78:	13490026 	movtne	r0, #36902	; 0x9026
  7c:	Address 0x0000007c is out of bounds.


Disassembly of section .debug_line:

00000000 <.debug_line>:
   0:	00000077 	andeq	r0, r0, r7, ror r0
   4:	00710002 	rsbseq	r0, r1, r2
   8:	01020000 	mrseq	r0, (UNDEF: 2)
   c:	000d0efb 	strdeq	r0, [sp], -fp
  10:	01010101 	tsteq	r1, r1, lsl #2
  14:	01000000 	mrseq	r0, (UNDEF: 0)
  18:	61010000 	mrsvs	r0, (UNDEF: 1)
  1c:	2f686372 	svccs	0x00686372
  20:	2f6d7261 	svccs	0x006d7261
  24:	6863616d 	stmdavs	r3!, {r0, r2, r3, r5, r6, r8, sp, lr}^
  28:	6e75732d 	cdpvs	3, 7, cr7, cr5, cr13, {1}
  2c:	702f6978 	eorvc	r6, pc, r8, ror r9	; <UNPREDICTABLE>
  30:	7265776f 	rsbvc	r7, r5, #29097984	; 0x1bc0000
  34:	6f72622f 	svcvs	0x0072622f
  38:	002e2f6d 	eoreq	r2, lr, sp, ror #30
  3c:	68637261 	stmdavs	r3!, {r0, r5, r6, r9, ip, sp, lr}^
  40:	6d72612f 	ldfvse	f6, [r2, #-188]!	; 0xffffff44
  44:	63616d2f 	cmnvs	r1, #3008	; 0xbc0
  48:	75732d68 	ldrbvc	r2, [r3, #-3432]!	; 0xd68
  4c:	2f69786e 	svccs	0x0069786e
  50:	65776f70 	ldrbvs	r6, [r7, #-3952]!	; 0xf70
  54:	72622f72 	rsbvc	r2, r2, #456	; 0x1c8
  58:	00006d6f 	andeq	r6, r0, pc, ror #26
  5c:	75736572 	ldrbvc	r6, [r3, #-1394]!	; 0x572
  60:	2e73656d 	cdpcs	5, 7, cr6, cr3, cr13, {3}
  64:	00010068 	andeq	r0, r1, r8, rrx
  68:	73657200 	cmnvc	r5, #0
  6c:	5f656d75 	svcpl	0x00656d75
  70:	64616568 	strbtvs	r6, [r1], #-1384	; 0x568
  74:	0200632e 	andeq	r6, r0, #-1207959552	; 0xb8000000
  78:	Address 0x00000078 is out of bounds.


Disassembly of section .debug_str:

00000000 <.debug_str>:
   0:	33755f5f 	cmncc	r5, #380	; 0x17c
   4:	68730032 	ldmdavs	r3!, {r1, r4, r5}^
   8:	2074726f 	rsbscs	r7, r4, pc, ror #4
   c:	69736e75 	ldmdbvs	r3!, {r0, r2, r4, r5, r6, r9, sl, fp, sp, lr}^
  10:	64656e67 	strbtvs	r6, [r5], #-3687	; 0xe67
  14:	746e6920 	strbtvc	r6, [lr], #-2336	; 0x920
  18:	554e4700 	strbpl	r4, [lr, #-1792]	; 0x700
  1c:	34204320 	strtcc	r4, [r0], #-800	; 0x320
  20:	332e362e 	teqcc	lr, #48234496	; 0x2e00000
  24:	31303220 	teqcc	r0, r0, lsr #4
  28:	30323032 	eorscc	r3, r2, r2, lsr r0
  2c:	70282031 	eorvc	r2, r8, r1, lsr r0
  30:	65726572 	ldrbvs	r6, [r2, #-1394]!	; 0x572
  34:	7361656c 	cmnvc	r1, #452984832	; 0x1b000000
  38:	75002965 	strvc	r2, [r0, #-2405]	; 0x965
  3c:	6769736e 	strbvs	r7, [r9, -lr, ror #6]!
  40:	2064656e 	rsbcs	r6, r4, lr, ror #10
  44:	72616863 	rsbvc	r6, r1, #6488064	; 0x630000
  48:	4f476500 	svcmi	0x00476500
  4c:	73765f4e 	cmnvc	r6, #312	; 0x138
  50:	6f6c006e 	svcvs	0x006c006e
  54:	7520676e 	strvc	r6, [r0, #-1902]!	; 0x76e
  58:	6769736e 	strbvs	r7, [r9, -lr, ror #6]!
  5c:	2064656e 	rsbcs	r6, r4, lr, ror #10
  60:	00746e69 	rsbseq	r6, r4, r9, ror #28
  64:	68637261 	stmdavs	r3!, {r0, r5, r6, r9, ip, sp, lr}^
  68:	6d72612f 	ldfvse	f6, [r2, #-188]!	; 0xffffff44
  6c:	63616d2f 	cmnvs	r1, #3008	; 0xbc0
  70:	75732d68 	ldrbvc	r2, [r3, #-3432]!	; 0xd68
  74:	2f69786e 	svccs	0x0069786e
  78:	65776f70 	ldrbvs	r6, [r7, #-3952]!	; 0xf70
  7c:	72622f72 	rsbvc	r2, r2, #456	; 0x1c8
  80:	722f6d6f 	eorvc	r6, pc, #7104	; 0x1bc0
  84:	6d757365 	ldclvs	3, cr7, [r5, #-404]!	; 0xfffffe6c
  88:	65685f65 	strbvs	r5, [r8, #-3941]!	; 0xf65
  8c:	632e6461 	teqvs	lr, #1627389952	; 0x61000000
  90:	65686300 	strbvs	r6, [r8, #-768]!	; 0x300
  94:	735f6b63 	cmpvc	pc, #101376	; 0x18c00
  98:	70006d75 	andvc	r6, r0, r5, ror sp
  9c:	685f6275 	ldmdavs	pc, {r0, r2, r4, r5, r6, r9, sp, lr}^	; <UNPREDICTABLE>
  a0:	5f646165 	svcpl	0x00646165
  a4:	657a6973 	ldrbvs	r6, [sl, #-2419]!	; 0x973
  a8:	6f682f00 	svcvs	0x00682f00
  ac:	632f656d 	teqvs	pc, #457179136	; 0x1b400000
  b0:	2f6e6568 	svccs	0x006e6568
  b4:	6e61726f 	cdpvs	2, 6, cr7, cr1, cr15, {3}
  b8:	69706567 	ldmdbvs	r0!, {r0, r1, r2, r5, r6, r8, sl, sp, lr}^
  bc:	6b64732d 	blvs	191cd78 <__bss_end+0x191cc68>
  c0:	2e31762d 	cfmsuba32cs	mvax1, mvax7, mvfx1, mvfx13
  c4:	6f732f31 	svcvs	0x00732f31
  c8:	65637275 	strbvs	r7, [r3, #-629]!	; 0x275
  cc:	6e696c2f 	cdpvs	12, 6, cr6, cr9, cr15, {1}
  d0:	332d7875 	teqcc	sp, #7667712	; 0x750000
  d4:	312e342e 	teqcc	lr, lr, lsr #8
  d8:	72003231 	andvc	r3, r0, #268435459	; 0x10000003
  dc:	6d757365 	ldclvs	3, cr7, [r5, #-404]!	; 0xfffffe6c
  e0:	65685f65 	strbvs	r5, [r8, #-3941]!	; 0xf65
  e4:	6a006461 	bvs	19270 <__bss_end+0x19160>
  e8:	5f706d75 	svcpl	0x00706d75
  ec:	74736e69 	ldrbtvc	r6, [r3], #-3689	; 0xe69
  f0:	74637572 	strbtvc	r7, [r3], #-1394	; 0x572
  f4:	006e6f69 	rsbeq	r6, lr, r9, ror #30
  f8:	75736552 	ldrbvc	r6, [r3, #-1362]!	; 0x552
  fc:	765f656d 	ldrbvc	r6, [pc], -sp, ror #10
 100:	66006e73 			; <UNDEFINED> instruction: 0x66006e73
 104:	5f656c69 	svcpl	0x00656c69
 108:	64616568 	strbtvs	r6, [r1], #-1384	; 0x568
 10c:	6e73765f 	mrcvs	6, 3, r7, cr3, cr15, {2}
 110:	65525f00 	ldrbvs	r5, [r2, #-3840]	; 0xf00
 114:	656d7573 	strbvs	r7, [sp, #-1395]!	; 0x573
 118:	6c69665f 	stclvs	6, cr6, [r9], #-380	; 0xfffffe84
 11c:	65685f65 	strbvs	r5, [r8, #-3941]!	; 0xf65
 120:	5f006461 	svcpl	0x00006461
 124:	0038755f 	eorseq	r7, r8, pc, asr r5
 128:	726f6873 	rsbvc	r6, pc, #7536640	; 0x730000
 12c:	6e692074 	mcrvs	0, 3, r2, cr9, cr4, {3}
 130:	65720074 	ldrbvs	r0, [r2, #-116]!	; 0x74
 134:	656d7573 	strbvs	r7, [sp, #-1395]!	; 0x573
 138:	6c69665f 	stclvs	6, cr6, [r9], #-380	; 0xfffffe84
 13c:	65685f65 	strbvs	r5, [r8, #-3941]!	; 0xf65
 140:	745f6461 	ldrbvc	r6, [pc], #-1121	; 148 <__bss_end+0x38>
 144:	62757000 	rsbsvs	r7, r5, #0
 148:	6165685f 	cmnvs	r5, pc, asr r8
 14c:	73765f64 	cmnvc	r6, #400	; 0x190
 150:	616d006e 	cmnvs	sp, lr, rrx
 154:	00636967 	rsbeq	r6, r3, r7, ror #18
 158:	676e656c 	strbvs	r6, [lr, -ip, ror #10]!
 15c:	70006874 	andvc	r6, r0, r4, ror r8
 160:	6674616c 	ldrbtvs	r6, [r4], -ip, ror #2
 164:	006d726f 	rsbeq	r7, sp, pc, ror #4

Disassembly of section .comment:

00000000 <.comment>:
   0:	3a434347 	bcc	10d0d24 <__bss_end+0x10d0c14>
   4:	72632820 	rsbvc	r2, r3, #2097152	; 0x200000
   8:	7473736f 	ldrbtvc	r7, [r3], #-879	; 0x36f
   c:	2d6c6f6f 	stclcs	15, cr6, [ip, #-444]!	; 0xfffffe44
  10:	6c20474e 	stcvs	7, cr4, [r0], #-312	; 0xfffffec8
  14:	72616e69 	rsbvc	r6, r1, #1680	; 0x690
  18:	2e312d6f 	cdpcs	13, 3, cr2, cr1, cr15, {3}
  1c:	312e3331 	teqcc	lr, r1, lsr r3
  20:	3130322d 	teqcc	r0, sp, lsr #4
  24:	32302e32 	eorscc	r2, r0, #800	; 0x320
  28:	3130322d 	teqcc	r0, sp, lsr #4
  2c:	32323032 	eorscc	r3, r2, #50	; 0x32
  30:	202d2032 	eorcs	r2, sp, r2, lsr r0
  34:	616e694c 	cmnvs	lr, ip, asr #18
  38:	47206f72 			; <UNDEFINED> instruction: 0x47206f72
  3c:	32204343 	eorcc	r4, r0, #201326593	; 0xc000001
  40:	2e323130 	mrccs	1, 1, r3, cr2, cr0, {1}
  44:	20293230 	eorcs	r3, r9, r0, lsr r2
  48:	2e362e34 	mrccs	14, 1, r2, cr6, cr4, {1}
  4c:	30322033 	eorscc	r2, r2, r3, lsr r0
  50:	32303231 	eorscc	r3, r0, #268435459	; 0x10000003
  54:	28203130 	stmdacs	r0!, {r4, r5, r8, ip, sp}
  58:	72657270 	rsbvc	r7, r5, #7
  5c:	61656c65 	cmnvs	r5, r5, ror #24
  60:	00296573 	eoreq	r6, r9, r3, ror r5

Disassembly of section .ARM.attributes:

00000000 <.ARM.attributes>:
   0:	00003241 	andeq	r3, r0, r1, asr #4
   4:	61656100 	cmnvs	r5, r0, lsl #2
   8:	01006962 	tsteq	r0, r2, ror #18
   c:	00000028 	andeq	r0, r0, r8, lsr #32
  10:	412d3705 	teqmi	sp, r5, lsl #14
  14:	070a0600 	streq	r0, [sl, -r0, lsl #12]
  18:	09010841 	stmdbeq	r1, {r0, r6, fp}
  1c:	12040a02 	andne	r0, r4, #8192	; 0x2000
  20:	15011404 	strne	r1, [r1, #-1028]	; 0x404
  24:	18031701 	stmdane	r3, {r0, r8, r9, sl, ip}
  28:	1b021a01 	blne	86834 <__bss_end+0x86724>
  2c:	22021e03 	andcs	r1, r2, #48	; 0x30
  30:	Address 0x00000030 is out of bounds.

